TN:
SF:script/DeployTreasureTiles.s.sol
FN:10,DeployTreasureTiles.run
FNDA:15,DeployTreasureTiles.run
DA:11,15
DA:11,15
DA:11,15
DA:13,15
DA:13,15
DA:13,15
DA:15,15
DA:15,15
DA:15,15
DA:17,15
DA:17,15
FNF:1
FNH:1
LF:4
LH:4
BRF:0
BRH:0
end_of_record
TN:
SF:script/HelperConfig.s.sol
FN:44,HelperConfig.
FNDA:45,HelperConfig.
DA:45,30
DA:45,30
DA:46,30
DA:46,30
DA:47,30
DA:47,30
DA:48,30
DA:48,30
DA:49,30
DA:49,30
DA:50,30
DA:50,30
DA:51,45
DA:51,45
DA:52,30
DA:52,30
FN:55,HelperConfig.getConfigByChainId
FNDA:0,HelperConfig.getConfigByChainId
DA:56,30
DA:56,30
DA:56,30
BRDA:56,0,0,-
BRDA:56,0,1,30
DA:57,0
DA:57,0
DA:59,30
DA:59,30
DA:59,30
FN:63,HelperConfig.getActiveNetworkConfig
FNDA:30,HelperConfig.getActiveNetworkConfig
DA:64,30
DA:64,30
DA:64,30
FN:70,HelperConfig.getEthMainnetConfig
FNDA:30,HelperConfig.getEthMainnetConfig
DA:71,30
DA:71,30
DA:71,30
FN:78,HelperConfig.getEthSepoliaConfig
FNDA:30,HelperConfig.getEthSepoliaConfig
DA:79,30
DA:79,30
DA:79,30
FN:86,HelperConfig.getZkSyncConfig
FNDA:30,HelperConfig.getZkSyncConfig
DA:87,30
DA:87,30
DA:87,30
FN:94,HelperConfig.getZkSyncSepoliaConfig
FNDA:30,HelperConfig.getZkSyncSepoliaConfig
DA:95,30
DA:95,30
DA:95,30
FN:102,HelperConfig.getPolygonMainnetConfig
FNDA:30,HelperConfig.getPolygonMainnetConfig
DA:103,30
DA:103,30
DA:103,30
FN:110,HelperConfig.getPolygonMumbaiConfig
FNDA:30,HelperConfig.getPolygonMumbaiConfig
DA:111,30
DA:111,30
DA:111,30
FN:118,HelperConfig.getModeMainnetConfig
FNDA:30,HelperConfig.getModeMainnetConfig
DA:119,30
DA:119,30
DA:119,30
FN:126,HelperConfig.getModeSepoliaConfig
FNDA:30,HelperConfig.getModeSepoliaConfig
DA:127,30
DA:127,30
DA:127,30
FN:137,HelperConfig.getOrCreateAnvilEthConfig
FNDA:0,HelperConfig.getOrCreateAnvilEthConfig
DA:138,30
DA:138,30
DA:138,30
BRDA:138,1,0,15
BRDA:138,1,1,15
DA:139,15
DA:139,15
DA:141,15
DA:141,15
DA:142,15
DA:142,15
DA:144,15
DA:144,15
DA:146,15
DA:146,15
DA:151,15
DA:151,15
FN:157,HelperConfig._deployMocks
FNDA:15,HelperConfig._deployMocks
FNF:13
FNH:11
LF:27
LH:26
BRF:4
BRH:3
end_of_record
TN:
SF:src/TreasureTiles.sol
FN:116,TreasureTiles.
FNDA:0,TreasureTiles.
DA:124,0
DA:124,0
DA:125,0
DA:125,0
FN:128,TreasureTiles.updateFeeRecipient
FNDA:1,TreasureTiles.updateFeeRecipient
DA:129,1
DA:129,1
FN:132,TreasureTiles.startGame
FNDA:6,TreasureTiles.startGame
DA:134,6
DA:134,6
DA:134,6
DA:134,5
BRDA:134,0,0,1
BRDA:134,0,1,5
DA:135,1
DA:135,1
DA:137,5
DA:137,5
BRDA:137,1,0,1
BRDA:137,1,1,4
DA:138,1
DA:138,1
DA:142,4
DA:142,4
DA:143,4
DA:143,4
DA:155,4
DA:155,4
FN:158,TreasureTiles.requestRandomness
FNDA:5,TreasureTiles.requestRandomness
DA:159,5
DA:159,5
DA:160,5
DA:160,5
FN:163,TreasureTiles._fulfillRandomness
FNDA:3,TreasureTiles._fulfillRandomness
DA:173,3
DA:173,3
BRDA:173,2,0,-
BRDA:173,2,1,3
DA:174,0
DA:174,0
DA:177,3
DA:177,3
DA:177,3
DA:178,3
DA:178,3
DA:178,3
BRDA:178,3,0,-
BRDA:178,3,1,3
DA:179,0
DA:179,0
DA:183,3
DA:183,3
DA:184,3
DA:184,3
DA:185,3
DA:185,3
DA:186,3
DA:186,3
DA:188,3
DA:188,3
DA:188,3
DA:188,3
BRDA:188,4,0,-
BRDA:188,4,1,3
DA:189,0
DA:189,0
DA:191,3
DA:191,3
BRDA:191,5,0,-
BRDA:191,5,1,3
DA:192,0
DA:192,0
DA:196,3
DA:196,3
DA:197,3
DA:197,3
DA:198,3
DA:198,3
DA:198,3
DA:199,3
DA:199,3
DA:202,3
DA:202,3
DA:202,3
BRDA:202,6,0,3
BRDA:202,6,1,-
DA:204,3
DA:204,3
DA:206,3
DA:206,3
DA:209,0
DA:209,0
DA:209,0
DA:209,0
DA:210,0
DA:210,0
DA:210,0
DA:211,0
DA:211,0
DA:211,0
DA:212,0
DA:212,0
DA:215,0
DA:215,0
DA:218,0
DA:218,0
DA:218,0
DA:219,0
DA:219,0
BRDA:219,7,0,-
BRDA:219,7,1,-
DA:220,0
DA:220,0
DA:223,3
DA:223,3
FN:241,TreasureTiles.collectFees
FNDA:1,TreasureTiles.collectFees
DA:242,1
DA:242,1
BRDA:242,8,0,1
BRDA:242,8,1,-
DA:243,1
DA:243,1
DA:246,0
DA:246,0
DA:247,0
DA:247,0
DA:249,0
DA:249,0
DA:249,0
DA:250,0
DA:250,0
BRDA:250,9,0,-
BRDA:250,9,1,-
DA:251,0
DA:251,0
DA:254,0
DA:254,0
FN:261,TreasureTiles._operator
FNDA:4,TreasureTiles._operator
DA:262,4
DA:262,4
FN:272,TreasureTiles.getFees
FNDA:3,TreasureTiles.getFees
DA:273,3
DA:273,3
FN:276,TreasureTiles.getServiceFee
FNDA:1,TreasureTiles.getServiceFee
DA:277,1
DA:277,1
FN:280,TreasureTiles.getProbabilities
FNDA:4,TreasureTiles.getProbabilities
DA:281,4
DA:281,4
FN:284,TreasureTiles.getMultipliers
FNDA:3,TreasureTiles.getMultipliers
DA:285,3
DA:285,3
FN:288,TreasureTiles.getLiquidityPool
FNDA:1,TreasureTiles.getLiquidityPool
DA:289,1
DA:289,1
FNF:12
FNH:11
LF:55
LH:35
BRF:20
BRH:10
end_of_record
