TN:
SF:script/DeployTreasureTiles.s.sol
FN:10,DeployTreasureTiles.run
FNDA:15,DeployTreasureTiles.run
DA:11,15
DA:11,15
DA:11,15
DA:13,15
DA:13,15
DA:13,15
DA:15,15
DA:15,15
DA:15,15
DA:17,15
DA:17,15
FNF:1
FNH:1
LF:4
LH:4
BRF:0
BRH:0
end_of_record
TN:
SF:script/HelperConfig.s.sol
FN:44,HelperConfig.
FNDA:45,HelperConfig.
DA:45,30
DA:45,30
DA:46,30
DA:46,30
DA:47,30
DA:47,30
DA:48,30
DA:48,30
DA:49,30
DA:49,30
DA:50,30
DA:50,30
DA:51,45
DA:51,45
DA:52,30
DA:52,30
FN:55,HelperConfig.getConfigByChainId
FNDA:0,HelperConfig.getConfigByChainId
DA:56,30
DA:56,30
DA:56,30
BRDA:56,0,0,-
BRDA:56,0,1,30
DA:57,0
DA:57,0
DA:59,30
DA:59,30
DA:59,30
FN:63,HelperConfig.getActiveNetworkConfig
FNDA:30,HelperConfig.getActiveNetworkConfig
DA:64,30
DA:64,30
DA:64,30
FN:70,HelperConfig.getEthMainnetConfig
FNDA:30,HelperConfig.getEthMainnetConfig
DA:71,30
DA:71,30
DA:71,30
FN:78,HelperConfig.getEthSepoliaConfig
FNDA:30,HelperConfig.getEthSepoliaConfig
DA:79,30
DA:79,30
DA:79,30
FN:86,HelperConfig.getZkSyncConfig
FNDA:30,HelperConfig.getZkSyncConfig
DA:87,30
DA:87,30
DA:87,30
FN:94,HelperConfig.getZkSyncSepoliaConfig
FNDA:30,HelperConfig.getZkSyncSepoliaConfig
DA:95,30
DA:95,30
DA:95,30
FN:102,HelperConfig.getPolygonMainnetConfig
FNDA:30,HelperConfig.getPolygonMainnetConfig
DA:103,30
DA:103,30
DA:103,30
FN:110,HelperConfig.getPolygonMumbaiConfig
FNDA:30,HelperConfig.getPolygonMumbaiConfig
DA:111,30
DA:111,30
DA:111,30
FN:118,HelperConfig.getModeMainnetConfig
FNDA:30,HelperConfig.getModeMainnetConfig
DA:119,30
DA:119,30
DA:119,30
FN:126,HelperConfig.getModeSepoliaConfig
FNDA:30,HelperConfig.getModeSepoliaConfig
DA:127,30
DA:127,30
DA:127,30
FN:137,HelperConfig.getOrCreateAnvilEthConfig
FNDA:0,HelperConfig.getOrCreateAnvilEthConfig
DA:138,30
DA:138,30
DA:138,30
BRDA:138,1,0,15
BRDA:138,1,1,15
DA:139,15
DA:139,15
DA:141,15
DA:141,15
DA:142,15
DA:142,15
DA:144,15
DA:144,15
DA:146,15
DA:146,15
DA:151,15
DA:151,15
FN:157,HelperConfig._deployMocks
FNDA:15,HelperConfig._deployMocks
FNF:13
FNH:11
LF:27
LH:26
BRF:4
BRH:3
end_of_record
TN:
SF:src/TreasureTiles.sol
FN:122,TreasureTiles.
FNDA:0,TreasureTiles.
DA:130,0
DA:130,0
DA:131,0
DA:131,0
FN:145,TreasureTiles.updateFeeRecipient
FNDA:1,TreasureTiles.updateFeeRecipient
DA:146,1
DA:146,1
FN:164,TreasureTiles.startGame
FNDA:6,TreasureTiles.startGame
DA:166,6
DA:166,6
DA:166,6
DA:166,5
BRDA:166,0,0,1
BRDA:166,0,1,5
DA:167,1
DA:167,1
DA:169,5
DA:169,5
BRDA:169,1,0,1
BRDA:169,1,1,4
DA:170,1
DA:170,1
DA:174,4
DA:174,4
DA:175,4
DA:175,4
DA:187,4
DA:187,4
DA:188,4
DA:188,4
FN:202,TreasureTiles.requestRandomness
FNDA:5,TreasureTiles.requestRandomness
DA:203,5
DA:203,5
DA:204,5
DA:204,5
FN:227,TreasureTiles._fulfillRandomness
FNDA:3,TreasureTiles._fulfillRandomness
DA:237,3
DA:237,3
BRDA:237,2,0,-
BRDA:237,2,1,3
DA:238,0
DA:238,0
DA:241,3
DA:241,3
DA:241,3
DA:242,3
DA:242,3
DA:242,3
BRDA:242,3,0,-
BRDA:242,3,1,3
DA:243,0
DA:243,0
DA:247,3
DA:247,3
DA:248,3
DA:248,3
DA:249,3
DA:249,3
DA:250,3
DA:250,3
DA:252,3
DA:252,3
DA:252,3
DA:252,3
BRDA:252,4,0,-
BRDA:252,4,1,3
DA:253,0
DA:253,0
DA:255,3
DA:255,3
BRDA:255,5,0,-
BRDA:255,5,1,3
DA:256,0
DA:256,0
DA:260,3
DA:260,3
DA:261,3
DA:261,3
DA:262,3
DA:262,3
DA:262,3
DA:263,3
DA:263,3
DA:266,3
DA:266,3
DA:266,3
BRDA:266,6,0,3
BRDA:266,6,1,-
DA:268,3
DA:268,3
DA:270,3
DA:270,3
DA:273,0
DA:273,0
DA:273,0
DA:273,0
DA:274,0
DA:274,0
DA:274,0
DA:275,0
DA:275,0
DA:275,0
DA:276,0
DA:276,0
DA:279,0
DA:279,0
DA:282,0
DA:282,0
DA:282,0
DA:283,0
DA:283,0
BRDA:283,7,0,-
BRDA:283,7,1,-
DA:284,0
DA:284,0
DA:287,3
DA:287,3
FN:297,TreasureTiles.collectFees
FNDA:1,TreasureTiles.collectFees
DA:298,1
DA:298,1
BRDA:298,8,0,1
BRDA:298,8,1,-
DA:299,1
DA:299,1
DA:302,0
DA:302,0
DA:303,0
DA:303,0
DA:305,0
DA:305,0
DA:305,0
DA:306,0
DA:306,0
BRDA:306,9,0,-
BRDA:306,9,1,-
DA:307,0
DA:307,0
DA:310,0
DA:310,0
FN:320,TreasureTiles._operator
FNDA:4,TreasureTiles._operator
DA:321,4
DA:321,4
FN:331,TreasureTiles.getFees
FNDA:3,TreasureTiles.getFees
DA:332,3
DA:332,3
FN:342,TreasureTiles.getServiceFee
FNDA:1,TreasureTiles.getServiceFee
DA:343,1
DA:343,1
FN:352,TreasureTiles.getProbabilities
FNDA:4,TreasureTiles.getProbabilities
DA:353,4
DA:353,4
FN:362,TreasureTiles.getMultipliers
FNDA:3,TreasureTiles.getMultipliers
DA:363,3
DA:363,3
FN:373,TreasureTiles.getLiquidityPool
FNDA:1,TreasureTiles.getLiquidityPool
DA:374,1
DA:374,1
FNF:12
FNH:11
LF:56
LH:36
BRF:20
BRH:10
end_of_record
